[0m14:23:24.261312 [debug] [MainThread]: Sending event: {'category': 'dbt', 'action': 'invocation', 'label': 'start', 'context': [<snowplow_tracker.self_describing_json.SelfDescribingJson object at 0x0000020471903370>, <snowplow_tracker.self_describing_json.SelfDescribingJson object at 0x0000020474432920>, <snowplow_tracker.self_describing_json.SelfDescribingJson object at 0x00000204744327D0>]}


============================== 14:23:24.271860 | b342289b-e213-41cf-be4a-df15566c8d80 ==============================
[0m14:23:24.271860 [info ] [MainThread]: Running with dbt=1.7.19
[0m14:23:24.273863 [debug] [MainThread]: running dbt with arguments {'printer_width': '80', 'indirect_selection': 'eager', 'write_json': 'True', 'log_cache_events': 'False', 'partial_parse': 'True', 'cache_selected_only': 'False', 'profiles_dir': 'C:\\Users\\Susanta Baidya\\Desktop\\australian_companies_pipeline\\dbt_project', 'version_check': 'True', 'warn_error': 'None', 'log_path': 'C:\\Users\\Susanta Baidya\\Desktop\\australian_companies_pipeline\\dbt_project\\logs', 'debug': 'False', 'fail_fast': 'False', 'use_colors': 'True', 'use_experimental_parser': 'False', 'no_print': 'None', 'quiet': 'False', 'warn_error_options': 'WarnErrorOptions(include=[], exclude=[])', 'static_parser': 'True', 'invocation_command': 'dbt run --full-refresh', 'log_format': 'default', 'target_path': 'None', 'introspect': 'True', 'send_anonymous_usage_stats': 'True'}
[0m14:23:26.157767 [debug] [MainThread]: Sending event: {'category': 'dbt', 'action': 'project_id', 'label': 'b342289b-e213-41cf-be4a-df15566c8d80', 'context': [<snowplow_tracker.self_describing_json.SelfDescribingJson object at 0x0000020474432A40>]}
[0m14:23:26.511490 [debug] [MainThread]: Sending event: {'category': 'dbt', 'action': 'adapter_info', 'label': 'b342289b-e213-41cf-be4a-df15566c8d80', 'context': [<snowplow_tracker.self_describing_json.SelfDescribingJson object at 0x0000020474431CC0>]}
[0m14:23:26.518589 [info ] [MainThread]: Registered adapter: mysql=1.7.0
[0m14:23:26.565329 [debug] [MainThread]: checksum: a8d43cdff37d0f32d7fbe4c5c25bea4bb6c86e162f8ce8fdb1a38cdcf7495431, vars: {}, profile: , target: , version: 1.7.19
[0m14:23:26.570332 [info ] [MainThread]: Unable to do partial parsing because saved manifest not found. Starting full parse.
[0m14:23:26.573673 [debug] [MainThread]: Sending event: {'category': 'dbt', 'action': 'partial_parser', 'label': 'b342289b-e213-41cf-be4a-df15566c8d80', 'context': [<snowplow_tracker.self_describing_json.SelfDescribingJson object at 0x00000204745FF430>]}
[0m14:23:29.877138 [error] [MainThread]: Encountered an error:
Compilation Error
  Model 'model.company_pipeline.stg_abr' (models\staging\stg_abr.sql) depends on a source named 'raw.abr_raw' which was not found
[0m14:23:29.879053 [debug] [MainThread]: Command `dbt run` failed at 14:23:29.879053 after 5.93 seconds
[0m14:23:29.880047 [debug] [MainThread]: Sending event: {'category': 'dbt', 'action': 'invocation', 'label': 'end', 'context': [<snowplow_tracker.self_describing_json.SelfDescribingJson object at 0x0000020471903370>, <snowplow_tracker.self_describing_json.SelfDescribingJson object at 0x0000020474A0E9B0>, <snowplow_tracker.self_describing_json.SelfDescribingJson object at 0x00000204749D6740>]}
[0m14:23:29.880047 [debug] [MainThread]: Flushing usage events
[0m14:23:51.427156 [debug] [MainThread]: Sending event: {'category': 'dbt', 'action': 'invocation', 'label': 'start', 'context': [<snowplow_tracker.self_describing_json.SelfDescribingJson object at 0x0000019EEAE23370>, <snowplow_tracker.self_describing_json.SelfDescribingJson object at 0x0000019EED962980>, <snowplow_tracker.self_describing_json.SelfDescribingJson object at 0x0000019EED9627A0>]}


============================== 14:23:51.439687 | deb86e24-6cd6-4c41-910c-8f999c2c1134 ==============================
[0m14:23:51.439687 [info ] [MainThread]: Running with dbt=1.7.19
[0m14:23:51.442608 [debug] [MainThread]: running dbt with arguments {'printer_width': '80', 'indirect_selection': 'eager', 'write_json': 'True', 'log_cache_events': 'False', 'partial_parse': 'True', 'cache_selected_only': 'False', 'profiles_dir': 'C:\\Users\\Susanta Baidya\\Desktop\\australian_companies_pipeline\\dbt_project', 'version_check': 'True', 'fail_fast': 'False', 'log_path': 'C:\\Users\\Susanta Baidya\\Desktop\\australian_companies_pipeline\\dbt_project\\logs', 'warn_error': 'None', 'debug': 'False', 'use_colors': 'True', 'use_experimental_parser': 'False', 'no_print': 'None', 'quiet': 'False', 'warn_error_options': 'WarnErrorOptions(include=[], exclude=[])', 'static_parser': 'True', 'introspect': 'True', 'invocation_command': 'dbt test', 'target_path': 'None', 'log_format': 'default', 'send_anonymous_usage_stats': 'True'}
[0m14:23:52.254904 [debug] [MainThread]: Sending event: {'category': 'dbt', 'action': 'project_id', 'label': 'deb86e24-6cd6-4c41-910c-8f999c2c1134', 'context': [<snowplow_tracker.self_describing_json.SelfDescribingJson object at 0x0000019EED962A40>]}
[0m14:23:52.599215 [debug] [MainThread]: Sending event: {'category': 'dbt', 'action': 'adapter_info', 'label': 'deb86e24-6cd6-4c41-910c-8f999c2c1134', 'context': [<snowplow_tracker.self_describing_json.SelfDescribingJson object at 0x0000019EED0B84F0>]}
[0m14:23:52.604368 [info ] [MainThread]: Registered adapter: mysql=1.7.0
[0m14:23:52.645401 [debug] [MainThread]: checksum: a8d43cdff37d0f32d7fbe4c5c25bea4bb6c86e162f8ce8fdb1a38cdcf7495431, vars: {}, profile: , target: , version: 1.7.19
[0m14:23:52.647402 [info ] [MainThread]: Unable to do partial parsing because saved manifest not found. Starting full parse.
[0m14:23:52.651401 [debug] [MainThread]: Sending event: {'category': 'dbt', 'action': 'partial_parser', 'label': 'deb86e24-6cd6-4c41-910c-8f999c2c1134', 'context': [<snowplow_tracker.self_describing_json.SelfDescribingJson object at 0x0000019EEDB235B0>]}
[0m14:23:56.096025 [error] [MainThread]: Encountered an error:
Compilation Error
  Model 'model.company_pipeline.stg_abr' (models\staging\stg_abr.sql) depends on a source named 'raw.abr_raw' which was not found
[0m14:23:56.098027 [debug] [MainThread]: Command `dbt test` failed at 14:23:56.098027 after 4.98 seconds
[0m14:23:56.099024 [debug] [MainThread]: Sending event: {'category': 'dbt', 'action': 'invocation', 'label': 'end', 'context': [<snowplow_tracker.self_describing_json.SelfDescribingJson object at 0x0000019EEAE23370>, <snowplow_tracker.self_describing_json.SelfDescribingJson object at 0x0000019EEDF3E590>, <snowplow_tracker.self_describing_json.SelfDescribingJson object at 0x0000019EEDF026E0>]}
[0m14:23:56.100008 [debug] [MainThread]: Flushing usage events
[0m14:28:32.241426 [debug] [MainThread]: Sending event: {'category': 'dbt', 'action': 'invocation', 'label': 'start', 'context': [<snowplow_tracker.self_describing_json.SelfDescribingJson object at 0x0000027878533370>, <snowplow_tracker.self_describing_json.SelfDescribingJson object at 0x000002787B0728F0>, <snowplow_tracker.self_describing_json.SelfDescribingJson object at 0x000002787B072710>]}


============================== 14:28:32.253423 | 631e5b15-36a5-41d9-884d-0400205e9b90 ==============================
[0m14:28:32.253423 [info ] [MainThread]: Running with dbt=1.7.19
[0m14:28:32.255606 [debug] [MainThread]: running dbt with arguments {'printer_width': '80', 'indirect_selection': 'eager', 'write_json': 'True', 'log_cache_events': 'False', 'partial_parse': 'True', 'cache_selected_only': 'False', 'profiles_dir': 'C:\\Users\\Susanta Baidya\\Desktop\\australian_companies_pipeline\\dbt_project', 'debug': 'False', 'fail_fast': 'False', 'log_path': 'C:\\Users\\Susanta Baidya\\Desktop\\australian_companies_pipeline\\dbt_project\\logs', 'version_check': 'True', 'warn_error': 'None', 'use_colors': 'True', 'use_experimental_parser': 'False', 'no_print': 'None', 'quiet': 'False', 'log_format': 'default', 'static_parser': 'True', 'invocation_command': 'dbt deps', 'warn_error_options': 'WarnErrorOptions(include=[], exclude=[])', 'target_path': 'None', 'introspect': 'True', 'send_anonymous_usage_stats': 'True'}
[0m14:28:32.728828 [debug] [MainThread]: Sending event: {'category': 'dbt', 'action': 'project_id', 'label': '631e5b15-36a5-41d9-884d-0400205e9b90', 'context': [<snowplow_tracker.self_describing_json.SelfDescribingJson object at 0x000002787B027C10>]}
[0m14:28:32.731827 [info ] [MainThread]: Warning: No packages were found in packages.yml
[0m14:28:32.736158 [info ] [MainThread]: Warning: No packages were found in packages.yml
[0m14:28:32.745375 [debug] [MainThread]: Command `dbt deps` succeeded at 14:28:32.741997 after 0.79 seconds
[0m14:28:32.747376 [debug] [MainThread]: Sending event: {'category': 'dbt', 'action': 'invocation', 'label': 'end', 'context': [<snowplow_tracker.self_describing_json.SelfDescribingJson object at 0x0000027878533370>, <snowplow_tracker.self_describing_json.SelfDescribingJson object at 0x000002787B0D11E0>, <snowplow_tracker.self_describing_json.SelfDescribingJson object at 0x00000278775F8FA0>]}
[0m14:28:32.749376 [debug] [MainThread]: Flushing usage events
[0m14:28:51.259949 [debug] [MainThread]: Sending event: {'category': 'dbt', 'action': 'invocation', 'label': 'start', 'context': [<snowplow_tracker.self_describing_json.SelfDescribingJson object at 0x000001C9DF42F370>, <snowplow_tracker.self_describing_json.SelfDescribingJson object at 0x000001C9E1F768C0>, <snowplow_tracker.self_describing_json.SelfDescribingJson object at 0x000001C9E1F766E0>]}


============================== 14:28:51.267946 | 3b5cad67-c8fe-417e-bb4f-4bcb682a4e2a ==============================
[0m14:28:51.267946 [info ] [MainThread]: Running with dbt=1.7.19
[0m14:28:51.269946 [debug] [MainThread]: running dbt with arguments {'printer_width': '80', 'indirect_selection': 'eager', 'write_json': 'True', 'log_cache_events': 'False', 'partial_parse': 'True', 'cache_selected_only': 'False', 'warn_error': 'None', 'fail_fast': 'False', 'version_check': 'True', 'log_path': 'C:\\Users\\Susanta Baidya\\Desktop\\australian_companies_pipeline\\dbt_project\\logs', 'profiles_dir': 'C:\\Users\\Susanta Baidya\\Desktop\\australian_companies_pipeline\\dbt_project', 'debug': 'False', 'use_colors': 'True', 'use_experimental_parser': 'False', 'no_print': 'None', 'quiet': 'False', 'log_format': 'default', 'introspect': 'True', 'invocation_command': 'dbt clean', 'static_parser': 'True', 'target_path': 'None', 'warn_error_options': 'WarnErrorOptions(include=[], exclude=[])', 'send_anonymous_usage_stats': 'True'}
[0m14:28:51.724028 [debug] [MainThread]: Sending event: {'category': 'dbt', 'action': 'project_id', 'label': '3b5cad67-c8fe-417e-bb4f-4bcb682a4e2a', 'context': [<snowplow_tracker.self_describing_json.SelfDescribingJson object at 0x000001C9E1F76950>]}
[0m14:28:51.738032 [debug] [MainThread]: Command `dbt clean` succeeded at 14:28:51.737031 after 0.70 seconds
[0m14:28:51.740031 [debug] [MainThread]: Sending event: {'category': 'dbt', 'action': 'invocation', 'label': 'end', 'context': [<snowplow_tracker.self_describing_json.SelfDescribingJson object at 0x000001C9DF42F370>, <snowplow_tracker.self_describing_json.SelfDescribingJson object at 0x000001C9DE4FB2B0>, <snowplow_tracker.self_describing_json.SelfDescribingJson object at 0x000001C9DE4F9ED0>]}
[0m14:28:51.742030 [debug] [MainThread]: Flushing usage events
[0m14:29:07.343278 [debug] [MainThread]: Sending event: {'category': 'dbt', 'action': 'invocation', 'label': 'start', 'context': [<snowplow_tracker.self_describing_json.SelfDescribingJson object at 0x0000024D1BDF3370>, <snowplow_tracker.self_describing_json.SelfDescribingJson object at 0x0000024D1E922950>, <snowplow_tracker.self_describing_json.SelfDescribingJson object at 0x0000024D1E922770>]}


============================== 14:29:07.354817 | 35cdafd3-0375-4413-8aa0-f2aa93a35f88 ==============================
[0m14:29:07.354817 [info ] [MainThread]: Running with dbt=1.7.19
[0m14:29:07.358820 [debug] [MainThread]: running dbt with arguments {'printer_width': '80', 'indirect_selection': 'eager', 'write_json': 'True', 'log_cache_events': 'False', 'partial_parse': 'True', 'cache_selected_only': 'False', 'profiles_dir': 'C:\\Users\\Susanta Baidya\\Desktop\\australian_companies_pipeline\\dbt_project', 'debug': 'False', 'version_check': 'True', 'log_path': 'C:\\Users\\Susanta Baidya\\Desktop\\australian_companies_pipeline\\dbt_project\\logs', 'fail_fast': 'False', 'warn_error': 'None', 'use_colors': 'True', 'use_experimental_parser': 'False', 'no_print': 'None', 'quiet': 'False', 'warn_error_options': 'WarnErrorOptions(include=[], exclude=[])', 'static_parser': 'True', 'introspect': 'True', 'log_format': 'default', 'target_path': 'None', 'invocation_command': 'dbt run', 'send_anonymous_usage_stats': 'True'}
[0m14:29:08.074183 [debug] [MainThread]: Sending event: {'category': 'dbt', 'action': 'project_id', 'label': '35cdafd3-0375-4413-8aa0-f2aa93a35f88', 'context': [<snowplow_tracker.self_describing_json.SelfDescribingJson object at 0x0000024D1E922A10>]}
[0m14:29:08.316996 [debug] [MainThread]: Sending event: {'category': 'dbt', 'action': 'adapter_info', 'label': '35cdafd3-0375-4413-8aa0-f2aa93a35f88', 'context': [<snowplow_tracker.self_describing_json.SelfDescribingJson object at 0x0000024D1E8CED10>]}
[0m14:29:08.320000 [info ] [MainThread]: Registered adapter: mysql=1.7.0
[0m14:29:08.353389 [debug] [MainThread]: checksum: a8d43cdff37d0f32d7fbe4c5c25bea4bb6c86e162f8ce8fdb1a38cdcf7495431, vars: {}, profile: , target: , version: 1.7.19
[0m14:29:08.355389 [info ] [MainThread]: Unable to do partial parsing because saved manifest not found. Starting full parse.
[0m14:29:08.360386 [debug] [MainThread]: Sending event: {'category': 'dbt', 'action': 'partial_parser', 'label': '35cdafd3-0375-4413-8aa0-f2aa93a35f88', 'context': [<snowplow_tracker.self_describing_json.SelfDescribingJson object at 0x0000024D1EB71C30>]}
[0m14:29:08.380456 [error] [MainThread]: Encountered an error:
Parsing Error
  Error reading company_pipeline: staging\schema.yml - Runtime Error
    Syntax error near line 8
    ------------------------------
    5  |     schema: company_data  # Your MySQL database name
    6  |     tables:
    7  |       - name: common_crawl_raw
    8  |       - name: abr_raw
    
    Raw Error:
    ------------------------------
    while parsing a block mapping
      in "<unicode string>", line 4, column 5
    did not find expected key
      in "<unicode string>", line 8, column 6
[0m14:29:08.384455 [debug] [MainThread]: Command `dbt run` failed at 14:29:08.384455 after 1.35 seconds
[0m14:29:08.387456 [debug] [MainThread]: Sending event: {'category': 'dbt', 'action': 'invocation', 'label': 'end', 'context': [<snowplow_tracker.self_describing_json.SelfDescribingJson object at 0x0000024D1BDF3370>, <snowplow_tracker.self_describing_json.SelfDescribingJson object at 0x0000024D1EC2CFA0>, <snowplow_tracker.self_describing_json.SelfDescribingJson object at 0x0000024D1EC2F850>]}
[0m14:29:08.393664 [debug] [MainThread]: Flushing usage events
[0m14:32:32.981462 [debug] [MainThread]: Sending event: {'category': 'dbt', 'action': 'invocation', 'label': 'start', 'context': [<snowplow_tracker.self_describing_json.SelfDescribingJson object at 0x00000169C1C43370>, <snowplow_tracker.self_describing_json.SelfDescribingJson object at 0x00000169C4772830>, <snowplow_tracker.self_describing_json.SelfDescribingJson object at 0x00000169C4772650>]}


============================== 14:32:32.989465 | 7bb14203-ad97-455a-85be-60c9d71d524f ==============================
[0m14:32:32.989465 [info ] [MainThread]: Running with dbt=1.7.19
[0m14:32:32.990459 [debug] [MainThread]: running dbt with arguments {'printer_width': '80', 'indirect_selection': 'eager', 'log_cache_events': 'False', 'write_json': 'True', 'partial_parse': 'True', 'cache_selected_only': 'False', 'profiles_dir': 'C:\\Users\\Susanta Baidya\\Desktop\\australian_companies_pipeline\\dbt_project', 'version_check': 'True', 'debug': 'False', 'log_path': 'C:\\Users\\Susanta Baidya\\Desktop\\australian_companies_pipeline\\dbt_project\\logs', 'warn_error': 'None', 'fail_fast': 'False', 'use_colors': 'True', 'use_experimental_parser': 'False', 'no_print': 'None', 'quiet': 'False', 'warn_error_options': 'WarnErrorOptions(include=[], exclude=[])', 'static_parser': 'True', 'log_format': 'default', 'invocation_command': 'dbt clean', 'target_path': 'None', 'introspect': 'True', 'send_anonymous_usage_stats': 'True'}
[0m14:32:33.301408 [debug] [MainThread]: Sending event: {'category': 'dbt', 'action': 'project_id', 'label': '7bb14203-ad97-455a-85be-60c9d71d524f', 'context': [<snowplow_tracker.self_describing_json.SelfDescribingJson object at 0x00000169C473B640>]}
[0m14:32:33.314436 [debug] [MainThread]: Command `dbt clean` succeeded at 14:32:33.314436 after 0.53 seconds
[0m14:32:33.316454 [debug] [MainThread]: Sending event: {'category': 'dbt', 'action': 'invocation', 'label': 'end', 'context': [<snowplow_tracker.self_describing_json.SelfDescribingJson object at 0x00000169C1C43370>, <snowplow_tracker.self_describing_json.SelfDescribingJson object at 0x00000169C4772740>, <snowplow_tracker.self_describing_json.SelfDescribingJson object at 0x00000169C47700D0>]}
[0m14:32:33.318454 [debug] [MainThread]: Flushing usage events
[0m14:32:48.761472 [debug] [MainThread]: Sending event: {'category': 'dbt', 'action': 'invocation', 'label': 'start', 'context': [<snowplow_tracker.self_describing_json.SelfDescribingJson object at 0x00000293F8DAF370>, <snowplow_tracker.self_describing_json.SelfDescribingJson object at 0x00000293FB8C29B0>, <snowplow_tracker.self_describing_json.SelfDescribingJson object at 0x00000293FB8C27D0>]}


============================== 14:32:48.772520 | 4cadecc5-528d-451f-8d9b-d7386cf70beb ==============================
[0m14:32:48.772520 [info ] [MainThread]: Running with dbt=1.7.19
[0m14:32:48.777502 [debug] [MainThread]: running dbt with arguments {'printer_width': '80', 'indirect_selection': 'eager', 'write_json': 'True', 'log_cache_events': 'False', 'partial_parse': 'True', 'cache_selected_only': 'False', 'warn_error': 'None', 'version_check': 'True', 'fail_fast': 'False', 'log_path': 'C:\\Users\\Susanta Baidya\\Desktop\\australian_companies_pipeline\\dbt_project\\logs', 'profiles_dir': 'C:\\Users\\Susanta Baidya\\Desktop\\australian_companies_pipeline\\dbt_project', 'debug': 'False', 'use_colors': 'True', 'use_experimental_parser': 'False', 'no_print': 'None', 'quiet': 'False', 'warn_error_options': 'WarnErrorOptions(include=[], exclude=[])', 'invocation_command': 'dbt run', 'log_format': 'default', 'introspect': 'True', 'target_path': 'None', 'static_parser': 'True', 'send_anonymous_usage_stats': 'True'}
[0m14:32:49.396686 [debug] [MainThread]: Sending event: {'category': 'dbt', 'action': 'project_id', 'label': '4cadecc5-528d-451f-8d9b-d7386cf70beb', 'context': [<snowplow_tracker.self_describing_json.SelfDescribingJson object at 0x00000293FB8C2A70>]}
[0m14:32:49.636254 [debug] [MainThread]: Sending event: {'category': 'dbt', 'action': 'adapter_info', 'label': '4cadecc5-528d-451f-8d9b-d7386cf70beb', 'context': [<snowplow_tracker.self_describing_json.SelfDescribingJson object at 0x00000293FBA80520>]}
[0m14:32:49.640272 [info ] [MainThread]: Registered adapter: mysql=1.7.0
[0m14:32:49.675596 [debug] [MainThread]: checksum: a8d43cdff37d0f32d7fbe4c5c25bea4bb6c86e162f8ce8fdb1a38cdcf7495431, vars: {}, profile: , target: , version: 1.7.19
[0m14:32:49.678597 [info ] [MainThread]: Unable to do partial parsing because saved manifest not found. Starting full parse.
[0m14:32:49.681594 [debug] [MainThread]: Sending event: {'category': 'dbt', 'action': 'partial_parser', 'label': '4cadecc5-528d-451f-8d9b-d7386cf70beb', 'context': [<snowplow_tracker.self_describing_json.SelfDescribingJson object at 0x00000293FBB97580>]}
[0m14:32:49.704163 [error] [MainThread]: Encountered an error:
Parsing Error
  Error reading company_pipeline: staging\schema.yml - Runtime Error
    Syntax error near line 8
    ------------------------------
    5  |     schema: company_data  # Your MySQL database name
    6  |     tables:
    7  |       - name: common_crawl_raw
    8  |       - name: abr_raw
    
    Raw Error:
    ------------------------------
    while parsing a block mapping
      in "<unicode string>", line 4, column 5
    did not find expected key
      in "<unicode string>", line 8, column 6
[0m14:32:49.709181 [debug] [MainThread]: Command `dbt run` failed at 14:32:49.708179 after 1.25 seconds
[0m14:32:49.711175 [debug] [MainThread]: Sending event: {'category': 'dbt', 'action': 'invocation', 'label': 'end', 'context': [<snowplow_tracker.self_describing_json.SelfDescribingJson object at 0x00000293F8DAF370>, <snowplow_tracker.self_describing_json.SelfDescribingJson object at 0x00000293FBBC8BB0>, <snowplow_tracker.self_describing_json.SelfDescribingJson object at 0x00000293FBBCA740>]}
[0m14:32:49.713177 [debug] [MainThread]: Flushing usage events
